12:58:24: Information: Update Start
12:58:27: Information: Update Start
12:58:27: Error: Exception: IOException
               Message: 文件“C:\Users\13573\Source\Repos\ppthelper11.28\TelerikWpfApp1\bin\tmp.ini”正由另一进程使用，因此该进程无法访问此文件。
               Source: TelerikWpfApp1
               StackTrace:    在 TelerikWpfApp1.FtpWeb.Download(String ftpUri, String fileFullPath) 位置 C:\Users\13573\Source\Repos\ppthelper11.28\TelerikWpfApp1\Modules\ftp.vb:行号 107
   在 TelerikWpfApp1.updatehelper.updatemain() 位置 C:\Users\13573\Source\Repos\ppthelper11.28\TelerikWpfApp1\Modules\updatehelper.vb:行号 21

12:58:33: Information: Update Start
12:58:33: Error: Exception: IOException
               Message: 文件“C:\Users\13573\Source\Repos\ppthelper11.28\TelerikWpfApp1\bin\tmp.ini”正由另一进程使用，因此该进程无法访问此文件。
               Source: TelerikWpfApp1
               StackTrace:    在 TelerikWpfApp1.FtpWeb.Download(String ftpUri, String fileFullPath) 位置 C:\Users\13573\Source\Repos\ppthelper11.28\TelerikWpfApp1\Modules\ftp.vb:行号 107
   在 TelerikWpfApp1.updatehelper.updatemain() 位置 C:\Users\13573\Source\Repos\ppthelper11.28\TelerikWpfApp1\Modules\updatehelper.vb:行号 21

12:58:37: Information: Update Start
12:58:37: Error: Exception: IOException
               Message: 文件“C:\Users\13573\Source\Repos\ppthelper11.28\TelerikWpfApp1\bin\tmp.ini”正由另一进程使用，因此该进程无法访问此文件。
               Source: TelerikWpfApp1
               StackTrace:    在 TelerikWpfApp1.FtpWeb.Download(String ftpUri, String fileFullPath) 位置 C:\Users\13573\Source\Repos\ppthelper11.28\TelerikWpfApp1\Modules\ftp.vb:行号 107
   在 TelerikWpfApp1.updatehelper.updatemain() 位置 C:\Users\13573\Source\Repos\ppthelper11.28\TelerikWpfApp1\Modules\updatehelper.vb:行号 21

12:58:41: Information: Update Start
12:58:41: Error: Exception: IOException
               Message: 文件“C:\Users\13573\Source\Repos\ppthelper11.28\TelerikWpfApp1\bin\tmp.ini”正由另一进程使用，因此该进程无法访问此文件。
               Source: TelerikWpfApp1
               StackTrace:    在 TelerikWpfApp1.FtpWeb.Download(String ftpUri, String fileFullPath) 位置 C:\Users\13573\Source\Repos\ppthelper11.28\TelerikWpfApp1\Modules\ftp.vb:行号 107
   在 TelerikWpfApp1.updatehelper.updatemain() 位置 C:\Users\13573\Source\Repos\ppthelper11.28\TelerikWpfApp1\Modules\updatehelper.vb:行号 21

12:58:44: Information: Update Start
12:58:44: Error: Exception: IOException
               Message: 文件“C:\Users\13573\Source\Repos\ppthelper11.28\TelerikWpfApp1\bin\tmp.ini”正由另一进程使用，因此该进程无法访问此文件。
               Source: TelerikWpfApp1
               StackTrace:    在 TelerikWpfApp1.FtpWeb.Download(String ftpUri, String fileFullPath) 位置 C:\Users\13573\Source\Repos\ppthelper11.28\TelerikWpfApp1\Modules\ftp.vb:行号 107
   在 TelerikWpfApp1.updatehelper.updatemain() 位置 C:\Users\13573\Source\Repos\ppthelper11.28\TelerikWpfApp1\Modules\updatehelper.vb:行号 21

12:58:45: Error: Exception: WebException
               Message: 无法连接到远程服务器
               Source: TelerikWpfApp1
               StackTrace:    在 TelerikWpfApp1.FtpWeb.Download(String ftpUri, String fileFullPath) 位置 C:\Users\13573\Source\Repos\ppthelper11.28\TelerikWpfApp1\Modules\ftp.vb:行号 107
   在 TelerikWpfApp1.updatehelper.updatemain() 位置 C:\Users\13573\Source\Repos\ppthelper11.28\TelerikWpfApp1\Modules\updatehelper.vb:行号 21

12:58:58: Information: Update Start
12:59:19: Error: Exception: WebException
               Message: 无法连接到远程服务器
               Source: TelerikWpfApp1
               StackTrace:    在 TelerikWpfApp1.FtpWeb.Download(String ftpUri, String fileFullPath) 位置 C:\Users\13573\Source\Repos\ppthelper11.28\TelerikWpfApp1\Modules\ftp.vb:行号 107
   在 TelerikWpfApp1.updatehelper.updatemain() 位置 C:\Users\13573\Source\Repos\ppthelper11.28\TelerikWpfApp1\Modules\updatehelper.vb:行号 21

