10:28:35: Information: Update Start
10:28:56: Error: Exception: WebException
               Message: 无法连接到远程服务器
               Source: TelerikWpfApp1
               StackTrace:    在 TelerikWpfApp1.FtpWeb.Download(String ftpUri, String fileFullPath) 位置 C:\Users\13573\Source\Repos\ppthelper11.28\TelerikWpfApp1\Modules\ftp.vb:行号 107
   在 TelerikWpfApp1.updatehelper.updatemain() 位置 C:\Users\13573\Source\Repos\ppthelper11.28\TelerikWpfApp1\Modules\updatehelper.vb:行号 21

10:29:09: Information: Update Start
10:29:09: Error: Exception: IOException
               Message: 文件“C:\Users\13573\Source\Repos\ppthelper11.28\TelerikWpfApp1\bin\tmp.ini”正由另一进程使用，因此该进程无法访问此文件。
               Source: TelerikWpfApp1
               StackTrace:    在 TelerikWpfApp1.FtpWeb.Download(String ftpUri, String fileFullPath) 位置 C:\Users\13573\Source\Repos\ppthelper11.28\TelerikWpfApp1\Modules\ftp.vb:行号 107
   在 TelerikWpfApp1.updatehelper.updatemain() 位置 C:\Users\13573\Source\Repos\ppthelper11.28\TelerikWpfApp1\Modules\updatehelper.vb:行号 21

10:29:27: Information: Update Start
10:29:48: Error: Exception: WebException
               Message: 无法连接到远程服务器
               Source: TelerikWpfApp1
               StackTrace:    在 TelerikWpfApp1.FtpWeb.Download(String ftpUri, String fileFullPath) 位置 C:\Users\13573\Source\Repos\ppthelper11.28\TelerikWpfApp1\Modules\ftp.vb:行号 107
   在 TelerikWpfApp1.updatehelper.updatemain() 位置 C:\Users\13573\Source\Repos\ppthelper11.28\TelerikWpfApp1\Modules\updatehelper.vb:行号 21

10:30:01: Information: Update Start
10:30:01: Error: Exception: IOException
               Message: 文件“C:\Users\13573\Source\Repos\ppthelper11.28\TelerikWpfApp1\bin\tmp.ini”正由另一进程使用，因此该进程无法访问此文件。
               Source: TelerikWpfApp1
               StackTrace:    在 TelerikWpfApp1.FtpWeb.Download(String ftpUri, String fileFullPath) 位置 C:\Users\13573\Source\Repos\ppthelper11.28\TelerikWpfApp1\Modules\ftp.vb:行号 107
   在 TelerikWpfApp1.updatehelper.updatemain() 位置 C:\Users\13573\Source\Repos\ppthelper11.28\TelerikWpfApp1\Modules\updatehelper.vb:行号 21

